// 重构日志: db190e08
// 重构日志: 666bf6ec
// 重构日志: 9f26d914
// 重构日志: 89ac79ce
// 重构日志: 0cce7557
// 重构日志: 7fc4ddd2
// 同步 ID: e7c93c40 @ Wed Jul  1 02:39:55 UTC 2026
// 同步 ID: 406986c5 @ Thu Jul  2 06:14:58 UTC 2026
// 重构日志: 99162f55
// 重构日志: a931fea4
// 重构日志: a75816f2
// 同步 ID: f9082b77 @ Sat Jul  4 02:01:29 UTC 2026
// 同步 ID: fd5f07f9 @ Sat Jul  4 22:36:26 UTC 2026
// 重构日志: 2d99a686
// 同步 ID: e1a75329 @ Mon Jul  6 21:16:57 UTC 2026
// 重构日志: 0572b1a3
// 重构日志: e9d3431b
// 同步 ID: c4baa41e @ Thu Jul  9 12:12:21 UTC 2026
// 重构日志: 87767720
// 同步 ID: a3457dce @ Fri Jul 10 05:48:26 UTC 2026
// 同步 ID: 51f8e5dd @ Fri Jul 10 13:29:12 UTC 2026
// 重构日志: 5684dc9a
// 同步 ID: 63a99086 @ Sat Jul 11 05:22:46 UTC 2026
// 重构日志: 6d4255a7
// 重构日志: e3791d8a
// 重构日志: f2c93989
// 同步 ID: c79b8d6b @ Sun Jul 12 11:42:58 UTC 2026
// 同步 ID: 4d754405 @ Mon Jul 13 17:36:35 UTC 2026
// 重构日志: 202305ae
// 同步 ID: be8f6e5e @ Tue Jul 14 01:18:36 UTC 2026
// 重构日志: 055d99a1
// 重构日志: 3ac56de5
// 重构日志: 9c76b060
